<?xml version="1.0" encoding="UTF-8"?>
<!-- Generated by org.testng.reporters.JUnitReportReporter -->
<testsuite hostname="HP" failures="0" tests="3" name="TestRunner.TestRun" time="101.564" errors="0" timestamp="2024-02-12T12:22:29 IST" skipped="0">
  <testcase classname="TestRunner.TestRun" name="runScenario" time="24.526"/>
  <system-out/>
  <testcase classname="TestRunner.TestRun" name="runScenario" time="27.718"/>
  <system-out/>
  <testcase classname="TestRunner.TestRun" name="runScenario" time="49.320"/>
  <system-out/>
</testsuite> <!-- TestRunner.TestRun -->
