<?xml version="1.0" encoding="UTF-8"?>
<!-- Generated by org.testng.reporters.JUnitReportReporter -->
<testsuite hostname="HP" failures="0" tests="5" name="Runner.Testrunner" time="35.556" errors="0" timestamp="2024-01-28T15:27:28 IST" skipped="0">
  <testcase classname="Runner.Testrunner" name="runScenario" time="6.826"/>
  <system-out/>
  <testcase classname="Runner.Testrunner" name="runScenario" time="8.611"/>
  <system-out/>
  <testcase classname="Runner.Testrunner" name="runScenario" time="7.088"/>
  <system-out/>
  <testcase classname="Runner.Testrunner" name="runScenario" time="7.132"/>
  <system-out/>
  <testcase classname="Runner.Testrunner" name="runScenario" time="5.899"/>
  <system-out/>
</testsuite> <!-- Runner.Testrunner -->
