<?xml version="1.0" encoding="UTF-8"?>
<!-- Generated by org.testng.reporters.JUnitReportReporter -->
<testsuite hostname="HP" failures="0" tests="2" name="testrunnerFile.Runnerfile" time="0.176" errors="0" timestamp="2024-01-30T23:03:30 IST" skipped="0">
  <testcase classname="testrunnerFile.Runnerfile" name="runScenario" time="0.150"/>
  <system-out/>
  <testcase classname="testrunnerFile.Runnerfile" name="runScenario" time="0.026"/>
  <system-out/>
</testsuite> <!-- testrunnerFile.Runnerfile -->
