<?xml version="1.0" encoding="UTF-8"?>
<!-- Generated by org.testng.reporters.JUnitReportReporter -->
<testsuite hostname="HP" failures="0" tests="1" name="TestRunner.CucumberTestRunner" time="40.295" errors="0" timestamp="2024-01-25T22:26:46 IST" skipped="0">
  <testcase classname="TestRunner.CucumberTestRunner" name="runScenario" time="40.295"/>
  <system-out/>
</testsuite> <!-- TestRunner.CucumberTestRunner -->
